<?xml version="1.0" encoding="UTF-8"?>
<testng-results skipped="0" failed="0" total="9" passed="9">
  <reporter-output>
  </reporter-output>
  <suite name="Suite" duration-ms="5" started-at="2021-01-13T03:39:17Z" finished-at="2021-01-13T03:39:17Z">
    <groups>
      <group name="regression">
        <method signature="Test1.test1()[pri:0, instance:Jenkins.Test1@525f1e4e]" name="test1" class="Jenkins.Test1"/>
        <method signature="Test2.test1()[pri:0, instance:Jenkins.Test2@275710fc]" name="test1" class="Jenkins.Test2"/>
        <method signature="Test3.test1()[pri:0, instance:Jenkins.Test3@400cff1a]" name="test1" class="Jenkins.Test3"/>
      </group> <!-- regression -->
    </groups>
    <test name="Test" duration-ms="5" started-at="2021-01-13T03:39:17Z" finished-at="2021-01-13T03:39:17Z">
      <class name="Jenkins.Test2">
        <test-method status="PASS" signature="test1()[pri:0, instance:Jenkins.Test2@275710fc]" name="test1" duration-ms="0" started-at="2021-01-12T21:39:17Z" finished-at="2021-01-12T21:39:17Z">
          <reporter-output>
          </reporter-output>
        </test-method> <!-- test1 -->
        <test-method status="PASS" signature="test1()[pri:0, instance:Jenkins.Test2@275710fc]" name="test1" duration-ms="0" started-at="2021-01-12T21:39:17Z" finished-at="2021-01-12T21:39:17Z">
          <reporter-output>
          </reporter-output>
        </test-method> <!-- test1 -->
      </class> <!-- Jenkins.Test2 -->
      <class name="Jenkins.Test3">
        <test-method status="PASS" signature="test1()[pri:0, instance:Jenkins.Test3@400cff1a]" name="test1" duration-ms="0" started-at="2021-01-12T21:39:17Z" finished-at="2021-01-12T21:39:17Z">
          <reporter-output>
          </reporter-output>
        </test-method> <!-- test1 -->
        <test-method status="PASS" signature="test1()[pri:0, instance:Jenkins.Test3@400cff1a]" name="test1" duration-ms="1" started-at="2021-01-12T21:39:17Z" finished-at="2021-01-12T21:39:17Z">
          <reporter-output>
          </reporter-output>
        </test-method> <!-- test1 -->
      </class> <!-- Jenkins.Test3 -->
      <class name="Jenkins.Test1">
        <test-method status="PASS" signature="test1()[pri:0, instance:Jenkins.Test1@525f1e4e]" name="test1" duration-ms="0" started-at="2021-01-12T21:39:17Z" finished-at="2021-01-12T21:39:17Z">
          <reporter-output>
          </reporter-output>
        </test-method> <!-- test1 -->
        <test-method status="PASS" signature="test1()[pri:0, instance:Jenkins.Test1@525f1e4e]" name="test1" duration-ms="1" started-at="2021-01-12T21:39:17Z" finished-at="2021-01-12T21:39:17Z">
          <reporter-output>
          </reporter-output>
        </test-method> <!-- test1 -->
      </class> <!-- Jenkins.Test1 -->
    </test> <!-- Test -->
  </suite> <!-- Suite -->
  <suite name="Jenkins" duration-ms="40" started-at="2021-01-13T03:39:17Z" finished-at="2021-01-13T03:39:17Z">
    <groups>
      <group name="regression">
        <method signature="Test1.test1()[pri:0, instance:Jenkins.Test1@7bb58ca3]" name="test1" class="Jenkins.Test1"/>
        <method signature="Test2.test1()[pri:0, instance:Jenkins.Test2@57175e74]" name="test1" class="Jenkins.Test2"/>
        <method signature="Test3.test1()[pri:0, instance:Jenkins.Test3@4f9a3314]" name="test1" class="Jenkins.Test3"/>
      </group> <!-- regression -->
    </groups>
    <test name="Functional Testing" duration-ms="40" started-at="2021-01-13T03:39:17Z" finished-at="2021-01-13T03:39:17Z">
      <class name="Jenkins.Test2">
        <test-method status="PASS" signature="beforeTest()[pri:0, instance:Jenkins.Test2@57175e74]" name="beforeTest" is-config="true" duration-ms="1" started-at="2021-01-12T21:39:17Z" finished-at="2021-01-12T21:39:17Z">
          <reporter-output>
          </reporter-output>
        </test-method> <!-- beforeTest -->
        <test-method status="PASS" signature="test1()[pri:0, instance:Jenkins.Test2@57175e74]" name="test1" duration-ms="2" started-at="2021-01-12T21:39:17Z" finished-at="2021-01-12T21:39:17Z">
          <reporter-output>
          </reporter-output>
        </test-method> <!-- test1 -->
        <test-method status="PASS" signature="afterTest()[pri:0, instance:Jenkins.Test2@57175e74]" name="afterTest" is-config="true" duration-ms="1" started-at="2021-01-12T21:39:17Z" finished-at="2021-01-12T21:39:17Z">
          <reporter-output>
          </reporter-output>
        </test-method> <!-- afterTest -->
      </class> <!-- Jenkins.Test2 -->
      <class name="Jenkins.Test3">
        <test-method status="PASS" signature="test1()[pri:0, instance:Jenkins.Test3@4f9a3314]" name="test1" duration-ms="1" started-at="2021-01-12T21:39:17Z" finished-at="2021-01-12T21:39:17Z">
          <reporter-output>
          </reporter-output>
        </test-method> <!-- test1 -->
        <test-method status="PASS" signature="beforeTest()[pri:0, instance:Jenkins.Test3@4f9a3314]" name="beforeTest" is-config="true" duration-ms="0" started-at="2021-01-12T21:39:17Z" finished-at="2021-01-12T21:39:17Z">
          <reporter-output>
          </reporter-output>
        </test-method> <!-- beforeTest -->
        <test-method status="PASS" signature="afterTest()[pri:0, instance:Jenkins.Test3@4f9a3314]" name="afterTest" is-config="true" duration-ms="1" started-at="2021-01-12T21:39:17Z" finished-at="2021-01-12T21:39:17Z">
          <reporter-output>
          </reporter-output>
        </test-method> <!-- afterTest -->
      </class> <!-- Jenkins.Test3 -->
      <class name="Jenkins.Test1">
        <test-method status="PASS" signature="beforeTest()[pri:0, instance:Jenkins.Test1@7bb58ca3]" name="beforeTest" is-config="true" duration-ms="12" started-at="2021-01-12T21:39:17Z" finished-at="2021-01-12T21:39:17Z">
          <reporter-output>
          </reporter-output>
        </test-method> <!-- beforeTest -->
        <test-method status="PASS" signature="test1()[pri:0, instance:Jenkins.Test1@7bb58ca3]" name="test1" duration-ms="3" started-at="2021-01-12T21:39:17Z" finished-at="2021-01-12T21:39:17Z">
          <reporter-output>
          </reporter-output>
        </test-method> <!-- test1 -->
        <test-method status="PASS" signature="afterTest()[pri:0, instance:Jenkins.Test1@7bb58ca3]" name="afterTest" is-config="true" duration-ms="1" started-at="2021-01-12T21:39:17Z" finished-at="2021-01-12T21:39:17Z">
          <reporter-output>
          </reporter-output>
        </test-method> <!-- afterTest -->
      </class> <!-- Jenkins.Test1 -->
    </test> <!-- Functional Testing -->
  </suite> <!-- Jenkins -->
</testng-results>
