<?xml version="1.0" encoding="UTF-8"?>
<testng-results skipped="0" failed="0" ignored="0" total="6" passed="6">
  <reporter-output>
  </reporter-output>
  <suite name="Suite" duration-ms="0" started-at="2021-01-12T21:46:26 CST" finished-at="2021-01-12T21:46:26 CST">
    <groups>
    </groups>
  </suite> <!-- Suite -->
  <suite name="Jenkins" duration-ms="82" started-at="2021-01-12T21:46:26 CST" finished-at="2021-01-12T21:46:26 CST">
    <groups>
      <group name="regression">
        <method signature="Test1.test1()[pri:0, instance:Jenkins.Test1@704a52ec]" name="test1" class="Jenkins.Test1"/>
        <method signature="Test2.test2()[pri:0, instance:Jenkins.Test2@4493d195]" name="test2" class="Jenkins.Test2"/>
        <method signature="Test3.test3()[pri:0, instance:Jenkins.Test3@6ee52dcd]" name="test3" class="Jenkins.Test3"/>
      </group> <!-- regression -->
    </groups>
    <test name="Functional Testing" duration-ms="82" started-at="2021-01-12T21:46:26 CST" finished-at="2021-01-12T21:46:26 CST">
      <class name="Jenkins.Test2">
        <test-method status="PASS" signature="test2()[pri:0, instance:Jenkins.Test2@4493d195]" name="test2" duration-ms="3" started-at="2021-01-12T21:46:26 CST" finished-at="2021-01-12T21:46:26 CST">
          <reporter-output>
          </reporter-output>
        </test-method> <!-- test2 -->
        <test-method status="PASS" signature="beforeTest()[pri:0, instance:Jenkins.Test2@4493d195]" name="beforeTest" is-config="true" duration-ms="0" started-at="2021-01-12T21:46:26 CST" finished-at="2021-01-12T21:46:26 CST">
          <reporter-output>
          </reporter-output>
        </test-method> <!-- beforeTest -->
        <test-method status="PASS" signature="afterTest()[pri:0, instance:Jenkins.Test2@4493d195]" name="afterTest" is-config="true" duration-ms="1" started-at="2021-01-12T21:46:26 CST" finished-at="2021-01-12T21:46:26 CST">
          <reporter-output>
          </reporter-output>
        </test-method> <!-- afterTest -->
      </class> <!-- Jenkins.Test2 -->
      <class name="Jenkins.Test3">
        <test-method status="PASS" signature="beforeTest()[pri:0, instance:Jenkins.Test3@6ee52dcd]" name="beforeTest" is-config="true" duration-ms="0" started-at="2021-01-12T21:46:26 CST" finished-at="2021-01-12T21:46:26 CST">
          <reporter-output>
          </reporter-output>
        </test-method> <!-- beforeTest -->
        <test-method status="PASS" signature="test3()[pri:0, instance:Jenkins.Test3@6ee52dcd]" name="test3" duration-ms="2" started-at="2021-01-12T21:46:26 CST" finished-at="2021-01-12T21:46:26 CST">
          <reporter-output>
          </reporter-output>
        </test-method> <!-- test3 -->
        <test-method status="PASS" signature="afterTest()[pri:0, instance:Jenkins.Test3@6ee52dcd]" name="afterTest" is-config="true" duration-ms="1" started-at="2021-01-12T21:46:26 CST" finished-at="2021-01-12T21:46:26 CST">
          <reporter-output>
          </reporter-output>
        </test-method> <!-- afterTest -->
      </class> <!-- Jenkins.Test3 -->
      <class name="Jenkins.Test1">
        <test-method status="PASS" signature="beforeTest()[pri:0, instance:Jenkins.Test1@704a52ec]" name="beforeTest" is-config="true" duration-ms="8" started-at="2021-01-12T21:46:26 CST" finished-at="2021-01-12T21:46:26 CST">
          <reporter-output>
          </reporter-output>
        </test-method> <!-- beforeTest -->
        <test-method status="PASS" signature="test1()[pri:0, instance:Jenkins.Test1@704a52ec]" name="test1" duration-ms="6" started-at="2021-01-12T21:46:26 CST" finished-at="2021-01-12T21:46:26 CST">
          <reporter-output>
          </reporter-output>
        </test-method> <!-- test1 -->
        <test-method status="PASS" signature="afterTest()[pri:0, instance:Jenkins.Test1@704a52ec]" name="afterTest" is-config="true" duration-ms="2" started-at="2021-01-12T21:46:26 CST" finished-at="2021-01-12T21:46:26 CST">
          <reporter-output>
          </reporter-output>
        </test-method> <!-- afterTest -->
      </class> <!-- Jenkins.Test1 -->
    </test> <!-- Functional Testing -->
  </suite> <!-- Jenkins -->
  <suite name="Suite (0)" duration-ms="21" started-at="2021-01-12T21:46:26 CST" finished-at="2021-01-12T21:46:26 CST">
    <groups>
      <group name="regression">
        <method signature="Test1.test1()[pri:0, instance:Jenkins.Test1@3d921e20]" name="test1" class="Jenkins.Test1"/>
        <method signature="Test2.test2()[pri:0, instance:Jenkins.Test2@36b4cef0]" name="test2" class="Jenkins.Test2"/>
        <method signature="Test3.test3()[pri:0, instance:Jenkins.Test3@fad74ee]" name="test3" class="Jenkins.Test3"/>
      </group> <!-- regression -->
    </groups>
    <test name="Test" duration-ms="21" started-at="2021-01-12T21:46:26 CST" finished-at="2021-01-12T21:46:26 CST">
      <class name="Jenkins.Test2">
        <test-method status="PASS" signature="test2()[pri:0, instance:Jenkins.Test2@36b4cef0]" name="test2" duration-ms="5" started-at="2021-01-12T21:46:26 CST" finished-at="2021-01-12T21:46:26 CST">
          <reporter-output>
          </reporter-output>
        </test-method> <!-- test2 -->
      </class> <!-- Jenkins.Test2 -->
      <class name="Jenkins.Test3">
        <test-method status="PASS" signature="test3()[pri:0, instance:Jenkins.Test3@fad74ee]" name="test3" duration-ms="2" started-at="2021-01-12T21:46:26 CST" finished-at="2021-01-12T21:46:26 CST">
          <reporter-output>
          </reporter-output>
        </test-method> <!-- test3 -->
      </class> <!-- Jenkins.Test3 -->
      <class name="Jenkins.Test1">
        <test-method status="PASS" signature="test1()[pri:0, instance:Jenkins.Test1@3d921e20]" name="test1" duration-ms="3" started-at="2021-01-12T21:46:26 CST" finished-at="2021-01-12T21:46:26 CST">
          <reporter-output>
          </reporter-output>
        </test-method> <!-- test1 -->
      </class> <!-- Jenkins.Test1 -->
    </test> <!-- Test -->
  </suite> <!-- Suite (0) -->
</testng-results>
